{
"/Users/philkunz/gitlab/pushrocks/dnsly/dist/index.js":{"path":"/Users/philkunz/gitlab/pushrocks/dnsly/dist/index.js","s":{"1":1,"2":1,"3":1,"4":3,"5":3,"6":3,"7":3,"8":3,"9":3,"10":1,"11":1,"12":1,"13":1,"14":0,"15":1,"16":1,"17":2,"18":0,"19":1,"20":1,"21":1,"22":1,"23":2,"24":2,"25":2,"26":1,"27":3,"28":3,"29":3,"30":0,"31":3,"32":3,"33":2,"34":2,"35":2,"36":2,"37":0,"38":1,"39":1},"b":{"1":[3,3],"2":[3,0],"3":[1,0],"4":[0,1],"5":[0,2],"6":[0,3],"7":[2,0]},"f":{"1":1,"2":1,"3":1,"4":2,"5":1,"6":2,"7":3,"8":3,"9":2,"10":2},"fnMap":{"1":{"name":"(anonymous_1)","line":3,"loc":{"start":{"line":3,"column":19},"end":{"line":3,"column":31}}},"2":{"name":"defineProperties","line":3,"loc":{"start":{"line":3,"column":33},"end":{"line":3,"column":74}}},"3":{"name":"(anonymous_3)","line":3,"loc":{"start":{"line":3,"column":357},"end":{"line":3,"column":405}}},"4":{"name":"_classCallCheck","line":5,"loc":{"start":{"line":5,"column":0},"end":{"line":5,"column":48}}},"5":{"name":"(anonymous_5)","line":13,"loc":{"start":{"line":13,"column":12},"end":{"line":13,"column":24}}},"6":{"name":"Dnsly","line":17,"loc":{"start":{"line":17,"column":4},"end":{"line":17,"column":35}}},"7":{"name":"getRecord","line":30,"loc":{"start":{"line":30,"column":15},"end":{"line":30,"column":64}}},"8":{"name":"(anonymous_8)","line":37,"loc":{"start":{"line":37,"column":53},"end":{"line":37,"column":73}}},"9":{"name":"close","line":51,"loc":{"start":{"line":51,"column":15},"end":{"line":51,"column":32}}},"10":{"name":"_setDnsProvider","line":60,"loc":{"start":{"line":60,"column":15},"end":{"line":60,"column":53}}}},"statementMap":{"1":{"start":{"line":3,"column":0},"end":{"line":3,"column":564}},"2":{"start":{"line":3,"column":33},"end":{"line":3,"column":349}},"3":{"start":{"line":3,"column":76},"end":{"line":3,"column":347}},"4":{"start":{"line":3,"column":117},"end":{"line":3,"column":143}},"5":{"start":{"line":3,"column":144},"end":{"line":3,"column":199}},"6":{"start":{"line":3,"column":200},"end":{"line":3,"column":231}},"7":{"start":{"line":3,"column":232},"end":{"line":3,"column":286}},"8":{"start":{"line":3,"column":259},"end":{"line":3,"column":286}},"9":{"start":{"line":3,"column":287},"end":{"line":3,"column":345}},"10":{"start":{"line":3,"column":350},"end":{"line":3,"column":559}},"11":{"start":{"line":3,"column":407},"end":{"line":3,"column":475}},"12":{"start":{"line":3,"column":423},"end":{"line":3,"column":475}},"13":{"start":{"line":3,"column":476},"end":{"line":3,"column":536}},"14":{"start":{"line":3,"column":493},"end":{"line":3,"column":536}},"15":{"start":{"line":3,"column":537},"end":{"line":3,"column":556}},"16":{"start":{"line":5,"column":0},"end":{"line":5,"column":153}},"17":{"start":{"line":5,"column":50},"end":{"line":5,"column":151}},"18":{"start":{"line":5,"column":92},"end":{"line":5,"column":149}},"19":{"start":{"line":7,"column":0},"end":{"line":7,"column":21}},"20":{"start":{"line":8,"column":0},"end":{"line":8,"column":41}},"21":{"start":{"line":13,"column":0},"end":{"line":71,"column":4}},"22":{"start":{"line":17,"column":4},"end":{"line":22,"column":5}},"23":{"start":{"line":18,"column":8},"end":{"line":18,"column":37}},"24":{"start":{"line":20,"column":8},"end":{"line":20,"column":45}},"25":{"start":{"line":21,"column":8},"end":{"line":21,"column":53}},"26":{"start":{"line":28,"column":4},"end":{"line":68,"column":8}},"27":{"start":{"line":31,"column":12},"end":{"line":31,"column":33}},"28":{"start":{"line":32,"column":12},"end":{"line":42,"column":15}},"29":{"start":{"line":38,"column":16},"end":{"line":40,"column":17}},"30":{"start":{"line":39,"column":20},"end":{"line":39,"column":37}},"31":{"start":{"line":41,"column":16},"end":{"line":41,"column":34}},"32":{"start":{"line":43,"column":12},"end":{"line":43,"column":32}},"33":{"start":{"line":52,"column":12},"end":{"line":52,"column":45}},"34":{"start":{"line":61,"column":12},"end":{"line":66,"column":13}},"35":{"start":{"line":62,"column":16},"end":{"line":62,"column":45}},"36":{"start":{"line":63,"column":16},"end":{"line":63,"column":40}},"37":{"start":{"line":65,"column":16},"end":{"line":65,"column":56}},"38":{"start":{"line":70,"column":4},"end":{"line":70,"column":17}},"39":{"start":{"line":73,"column":0},"end":{"line":73,"column":22}}},"branchMap":{"1":{"line":3,"type":"binary-expr","locations":[{"start":{"line":3,"column":168},"end":{"line":3,"column":189}},{"start":{"line":3,"column":193},"end":{"line":3,"column":198}}]},"2":{"line":3,"type":"if","locations":[{"start":{"line":3,"column":232},"end":{"line":3,"column":232}},{"start":{"line":3,"column":232},"end":{"line":3,"column":232}}]},"3":{"line":3,"type":"if","locations":[{"start":{"line":3,"column":407},"end":{"line":3,"column":407}},{"start":{"line":3,"column":407},"end":{"line":3,"column":407}}]},"4":{"line":3,"type":"if","locations":[{"start":{"line":3,"column":476},"end":{"line":3,"column":476}},{"start":{"line":3,"column":476},"end":{"line":3,"column":476}}]},"5":{"line":5,"type":"if","locations":[{"start":{"line":5,"column":50},"end":{"line":5,"column":50}},{"start":{"line":5,"column":50},"end":{"line":5,"column":50}}]},"6":{"line":38,"type":"if","locations":[{"start":{"line":38,"column":16},"end":{"line":38,"column":16}},{"start":{"line":38,"column":16},"end":{"line":38,"column":16}}]},"7":{"line":61,"type":"if","locations":[{"start":{"line":61,"column":12},"end":{"line":61,"column":12}},{"start":{"line":61,"column":12},"end":{"line":61,"column":12}}]}},"l":{"3":3,"5":2,"7":1,"8":1,"13":1,"17":1,"18":2,"20":2,"21":2,"28":1,"31":3,"32":3,"38":3,"39":0,"41":3,"43":3,"52":2,"61":2,"62":2,"63":2,"65":0,"70":1,"73":1}},
"/Users/philkunz/gitlab/pushrocks/dnsly/dist/dnsly.plugins.js":{"path":"/Users/philkunz/gitlab/pushrocks/dnsly/dist/dnsly.plugins.js","s":{"1":1,"2":1,"3":1,"4":1,"5":1},"b":{},"f":{},"fnMap":{},"statementMap":{"1":{"start":{"line":3,"column":0},"end":{"line":3,"column":26}},"2":{"start":{"line":4,"column":0},"end":{"line":4,"column":37}},"3":{"start":{"line":5,"column":0},"end":{"line":5,"column":30}},"4":{"start":{"line":6,"column":0},"end":{"line":6,"column":38}},"5":{"start":{"line":7,"column":0},"end":{"line":7,"column":30}}},"branchMap":{},"l":{"3":1,"4":1,"5":1,"6":1,"7":1}}}
