TN:
SF:/Users/philkunz/gitlab/pushrocks/dnsly/dist/index.js
FN:3,(anonymous_1)
FN:3,defineProperties
FN:3,(anonymous_3)
FN:5,_classCallCheck
FN:13,(anonymous_5)
FN:17,Dnsly
FN:30,getRecord
FN:37,(anonymous_8)
FN:51,close
FN:60,_setDnsProvider
FNF:10
FNH:10
FNDA:1,(anonymous_1)
FNDA:1,defineProperties
FNDA:1,(anonymous_3)
FNDA:2,_classCallCheck
FNDA:1,(anonymous_5)
FNDA:2,Dnsly
FNDA:3,getRecord
FNDA:3,(anonymous_8)
FNDA:2,close
FNDA:2,_setDnsProvider
DA:3,3
DA:5,2
DA:7,1
DA:8,1
DA:13,1
DA:17,1
DA:18,2
DA:20,2
DA:21,2
DA:28,1
DA:31,3
DA:32,3
DA:38,3
DA:39,0
DA:41,3
DA:43,3
DA:52,2
DA:61,2
DA:62,2
DA:63,2
DA:65,0
DA:70,1
DA:73,1
LF:23
LH:21
BRDA:3,1,0,3
BRDA:3,1,1,3
BRDA:3,2,0,3
BRDA:3,2,1,0
BRDA:3,3,0,1
BRDA:3,3,1,0
BRDA:3,4,0,0
BRDA:3,4,1,1
BRDA:5,5,0,0
BRDA:5,5,1,2
BRDA:38,6,0,0
BRDA:38,6,1,3
BRDA:61,7,0,2
BRDA:61,7,1,0
BRF:14
BRH:8
end_of_record
TN:
SF:/Users/philkunz/gitlab/pushrocks/dnsly/dist/dnsly.plugins.js
FNF:0
FNH:0
DA:3,1
DA:4,1
DA:5,1
DA:6,1
DA:7,1
LF:5
LH:5
BRF:0
BRH:0
end_of_record
